Internal Server Error: /
Traceback (most recent call last):
  File "C:\Users\xibolba\PycharmProjects\sys-admin-cms\.venv\lib\site-packages\django\core\handlers\exception.py", line 55, in inner
    response = get_response(request)
  File "C:\Users\xibolba\PycharmProjects\sys-admin-cms\.venv\lib\site-packages\django\core\handlers\base.py", line 220, in _get_response
    response = response.render()
  File "C:\Users\xibolba\PycharmProjects\sys-admin-cms\.venv\lib\site-packages\django\template\response.py", line 114, in render
    self.content = self.rendered_content
  File "C:\Users\xibolba\PycharmProjects\sys-admin-cms\.venv\lib\site-packages\django\template\response.py", line 92, in rendered_content
    return template.render(context, self._request)
  File "C:\Users\xibolba\PycharmProjects\sys-admin-cms\.venv\lib\site-packages\django\template\backends\django.py", line 107, in render
    return self.template.render(context)
  File "C:\Users\xibolba\PycharmProjects\sys-admin-cms\.venv\lib\site-packages\django\template\base.py", line 171, in render
    return self._render(context)
  File "C:\Users\xibolba\PycharmProjects\sys-admin-cms\.venv\lib\site-packages\django\template\base.py", line 163, in _render
    return self.nodelist.render(context)
  File "C:\Users\xibolba\PycharmProjects\sys-admin-cms\.venv\lib\site-packages\django\template\base.py", line 1016, in render
    return SafeString("".join([node.render_annotated(context) for node in self]))
  File "C:\Users\xibolba\PycharmProjects\sys-admin-cms\.venv\lib\site-packages\django\template\base.py", line 1016, in <listcomp>
    return SafeString("".join([node.render_annotated(context) for node in self]))
  File "C:\Users\xibolba\PycharmProjects\sys-admin-cms\.venv\lib\site-packages\django\template\base.py", line 977, in render_annotated
    return self.render(context)
  File "C:\Users\xibolba\PycharmProjects\sys-admin-cms\.venv\lib\site-packages\django\template\loader_tags.py", line 159, in render
    return compiled_parent._render(context)
  File "C:\Users\xibolba\PycharmProjects\sys-admin-cms\.venv\lib\site-packages\django\template\base.py", line 163, in _render
    return self.nodelist.render(context)
  File "C:\Users\xibolba\PycharmProjects\sys-admin-cms\.venv\lib\site-packages\django\template\base.py", line 1016, in render
    return SafeString("".join([node.render_annotated(context) for node in self]))
  File "C:\Users\xibolba\PycharmProjects\sys-admin-cms\.venv\lib\site-packages\django\template\base.py", line 1016, in <listcomp>
    return SafeString("".join([node.render_annotated(context) for node in self]))
  File "C:\Users\xibolba\PycharmProjects\sys-admin-cms\.venv\lib\site-packages\django\template\base.py", line 977, in render_annotated
    return self.render(context)
  File "C:\Users\xibolba\PycharmProjects\sys-admin-cms\.venv\lib\site-packages\django\template\library.py", line 321, in render
    output = self.func(*resolved_args, **resolved_kwargs)
  File "C:\Users\xibolba\PycharmProjects\sys-admin-cms\.venv\lib\site-packages\django\utils\safestring.py", line 59, in wrapper
    return safety_marker(func(*args, **kwargs))
  File "C:\Users\xibolba\PycharmProjects\sys-admin-cms\.venv\lib\site-packages\django_vite\templatetags\django_vite.py", line 67, in vite_asset
    return DjangoViteAssetLoader.instance().generate_vite_asset(path, app, **kwargs)
  File "C:\Users\xibolba\PycharmProjects\sys-admin-cms\.venv\lib\site-packages\django_vite\core\asset_loader.py", line 818, in generate_vite_asset
    return app_client.generate_vite_asset(path, **kwargs)
  File "C:\Users\xibolba\PycharmProjects\sys-admin-cms\.venv\lib\site-packages\django_vite\core\asset_loader.py", line 328, in generate_vite_asset
    tags.extend(self._load_css_files_of_asset(path, attrs=kwargs))
  File "C:\Users\xibolba\PycharmProjects\sys-admin-cms\.venv\lib\site-packages\django_vite\core\asset_loader.py", line 434, in _load_css_files_of_asset
    return self._generate_css_files_of_asset(
  File "C:\Users\xibolba\PycharmProjects\sys-admin-cms\.venv\lib\site-packages\django_vite\core\asset_loader.py", line 497, in _generate_css_files_of_asset
    url = self.get_production_server_url(css_path)
  File "C:\Users\xibolba\PycharmProjects\sys-admin-cms\.venv\lib\site-packages\django_vite\core\asset_loader.py", line 286, in get_production_server_url
    return staticfiles_storage.url(production_server_url)
  File "C:\Users\xibolba\PycharmProjects\sys-admin-cms\.venv\lib\site-packages\django\contrib\staticfiles\storage.py", line 204, in url
    return self._url(self.stored_name, name, force)
  File "C:\Users\xibolba\PycharmProjects\sys-admin-cms\.venv\lib\site-packages\django\contrib\staticfiles\storage.py", line 183, in _url
    hashed_name = hashed_name_func(*args)
  File "C:\Users\xibolba\PycharmProjects\sys-admin-cms\.venv\lib\site-packages\django\contrib\staticfiles\storage.py", line 518, in stored_name
    raise ValueError(
ValueError: Missing staticfiles manifest entry for 'assets/main-B-7PFOCD.css'
"GET / HTTP/1.1" 500 369
Internal Server Error: /.well-known/appspecific/com.chrome.devtools.json
"GET /.well-known/appspecific/com.chrome.devtools.json HTTP/1.1" 500 369
Internal Server Error: /
Traceback (most recent call last):
  File "C:\Users\xibolba\PycharmProjects\sys-admin-cms\.venv\lib\site-packages\django\core\handlers\exception.py", line 55, in inner
    response = get_response(request)
  File "C:\Users\xibolba\PycharmProjects\sys-admin-cms\.venv\lib\site-packages\django\core\handlers\base.py", line 220, in _get_response
    response = response.render()
  File "C:\Users\xibolba\PycharmProjects\sys-admin-cms\.venv\lib\site-packages\django\template\response.py", line 114, in render
    self.content = self.rendered_content
  File "C:\Users\xibolba\PycharmProjects\sys-admin-cms\.venv\lib\site-packages\django\template\response.py", line 92, in rendered_content
    return template.render(context, self._request)
  File "C:\Users\xibolba\PycharmProjects\sys-admin-cms\.venv\lib\site-packages\django\template\backends\django.py", line 107, in render
    return self.template.render(context)
  File "C:\Users\xibolba\PycharmProjects\sys-admin-cms\.venv\lib\site-packages\django\template\base.py", line 171, in render
    return self._render(context)
  File "C:\Users\xibolba\PycharmProjects\sys-admin-cms\.venv\lib\site-packages\django\template\base.py", line 163, in _render
    return self.nodelist.render(context)
  File "C:\Users\xibolba\PycharmProjects\sys-admin-cms\.venv\lib\site-packages\django\template\base.py", line 1016, in render
    return SafeString("".join([node.render_annotated(context) for node in self]))
  File "C:\Users\xibolba\PycharmProjects\sys-admin-cms\.venv\lib\site-packages\django\template\base.py", line 1016, in <listcomp>
    return SafeString("".join([node.render_annotated(context) for node in self]))
  File "C:\Users\xibolba\PycharmProjects\sys-admin-cms\.venv\lib\site-packages\django\template\base.py", line 977, in render_annotated
    return self.render(context)
  File "C:\Users\xibolba\PycharmProjects\sys-admin-cms\.venv\lib\site-packages\django\template\loader_tags.py", line 159, in render
    return compiled_parent._render(context)
  File "C:\Users\xibolba\PycharmProjects\sys-admin-cms\.venv\lib\site-packages\django\template\base.py", line 163, in _render
    return self.nodelist.render(context)
  File "C:\Users\xibolba\PycharmProjects\sys-admin-cms\.venv\lib\site-packages\django\template\base.py", line 1016, in render
    return SafeString("".join([node.render_annotated(context) for node in self]))
  File "C:\Users\xibolba\PycharmProjects\sys-admin-cms\.venv\lib\site-packages\django\template\base.py", line 1016, in <listcomp>
    return SafeString("".join([node.render_annotated(context) for node in self]))
  File "C:\Users\xibolba\PycharmProjects\sys-admin-cms\.venv\lib\site-packages\django\template\base.py", line 977, in render_annotated
    return self.render(context)
  File "C:\Users\xibolba\PycharmProjects\sys-admin-cms\.venv\lib\site-packages\django\template\library.py", line 321, in render
    output = self.func(*resolved_args, **resolved_kwargs)
  File "C:\Users\xibolba\PycharmProjects\sys-admin-cms\.venv\lib\site-packages\django\utils\safestring.py", line 59, in wrapper
    return safety_marker(func(*args, **kwargs))
  File "C:\Users\xibolba\PycharmProjects\sys-admin-cms\.venv\lib\site-packages\django_vite\templatetags\django_vite.py", line 67, in vite_asset
    return DjangoViteAssetLoader.instance().generate_vite_asset(path, app, **kwargs)
  File "C:\Users\xibolba\PycharmProjects\sys-admin-cms\.venv\lib\site-packages\django_vite\core\asset_loader.py", line 818, in generate_vite_asset
    return app_client.generate_vite_asset(path, **kwargs)
  File "C:\Users\xibolba\PycharmProjects\sys-admin-cms\.venv\lib\site-packages\django_vite\core\asset_loader.py", line 328, in generate_vite_asset
    tags.extend(self._load_css_files_of_asset(path, attrs=kwargs))
  File "C:\Users\xibolba\PycharmProjects\sys-admin-cms\.venv\lib\site-packages\django_vite\core\asset_loader.py", line 434, in _load_css_files_of_asset
    return self._generate_css_files_of_asset(
  File "C:\Users\xibolba\PycharmProjects\sys-admin-cms\.venv\lib\site-packages\django_vite\core\asset_loader.py", line 497, in _generate_css_files_of_asset
    url = self.get_production_server_url(css_path)
  File "C:\Users\xibolba\PycharmProjects\sys-admin-cms\.venv\lib\site-packages\django_vite\core\asset_loader.py", line 286, in get_production_server_url
    return staticfiles_storage.url(production_server_url)
  File "C:\Users\xibolba\PycharmProjects\sys-admin-cms\.venv\lib\site-packages\django\contrib\staticfiles\storage.py", line 204, in url
    return self._url(self.stored_name, name, force)
  File "C:\Users\xibolba\PycharmProjects\sys-admin-cms\.venv\lib\site-packages\django\contrib\staticfiles\storage.py", line 183, in _url
    hashed_name = hashed_name_func(*args)
  File "C:\Users\xibolba\PycharmProjects\sys-admin-cms\.venv\lib\site-packages\django\contrib\staticfiles\storage.py", line 518, in stored_name
    raise ValueError(
ValueError: Missing staticfiles manifest entry for 'assets/main-B-7PFOCD.css'
"GET / HTTP/1.1" 500 369
Internal Server Error: /.well-known/appspecific/com.chrome.devtools.json
"GET /.well-known/appspecific/com.chrome.devtools.json HTTP/1.1" 500 369
Internal Server Error: /
Traceback (most recent call last):
  File "C:\Users\xibolba\PycharmProjects\sys-admin-cms\.venv\lib\site-packages\django\core\handlers\exception.py", line 55, in inner
    response = get_response(request)
  File "C:\Users\xibolba\PycharmProjects\sys-admin-cms\.venv\lib\site-packages\django\core\handlers\base.py", line 220, in _get_response
    response = response.render()
  File "C:\Users\xibolba\PycharmProjects\sys-admin-cms\.venv\lib\site-packages\django\template\response.py", line 114, in render
    self.content = self.rendered_content
  File "C:\Users\xibolba\PycharmProjects\sys-admin-cms\.venv\lib\site-packages\django\template\response.py", line 92, in rendered_content
    return template.render(context, self._request)
  File "C:\Users\xibolba\PycharmProjects\sys-admin-cms\.venv\lib\site-packages\django\template\backends\django.py", line 107, in render
    return self.template.render(context)
  File "C:\Users\xibolba\PycharmProjects\sys-admin-cms\.venv\lib\site-packages\django\template\base.py", line 171, in render
    return self._render(context)
  File "C:\Users\xibolba\PycharmProjects\sys-admin-cms\.venv\lib\site-packages\django\template\base.py", line 163, in _render
    return self.nodelist.render(context)
  File "C:\Users\xibolba\PycharmProjects\sys-admin-cms\.venv\lib\site-packages\django\template\base.py", line 1016, in render
    return SafeString("".join([node.render_annotated(context) for node in self]))
  File "C:\Users\xibolba\PycharmProjects\sys-admin-cms\.venv\lib\site-packages\django\template\base.py", line 1016, in <listcomp>
    return SafeString("".join([node.render_annotated(context) for node in self]))
  File "C:\Users\xibolba\PycharmProjects\sys-admin-cms\.venv\lib\site-packages\django\template\base.py", line 977, in render_annotated
    return self.render(context)
  File "C:\Users\xibolba\PycharmProjects\sys-admin-cms\.venv\lib\site-packages\django\template\loader_tags.py", line 159, in render
    return compiled_parent._render(context)
  File "C:\Users\xibolba\PycharmProjects\sys-admin-cms\.venv\lib\site-packages\django\template\base.py", line 163, in _render
    return self.nodelist.render(context)
  File "C:\Users\xibolba\PycharmProjects\sys-admin-cms\.venv\lib\site-packages\django\template\base.py", line 1016, in render
    return SafeString("".join([node.render_annotated(context) for node in self]))
  File "C:\Users\xibolba\PycharmProjects\sys-admin-cms\.venv\lib\site-packages\django\template\base.py", line 1016, in <listcomp>
    return SafeString("".join([node.render_annotated(context) for node in self]))
  File "C:\Users\xibolba\PycharmProjects\sys-admin-cms\.venv\lib\site-packages\django\template\base.py", line 977, in render_annotated
    return self.render(context)
  File "C:\Users\xibolba\PycharmProjects\sys-admin-cms\.venv\lib\site-packages\django\template\library.py", line 321, in render
    output = self.func(*resolved_args, **resolved_kwargs)
  File "C:\Users\xibolba\PycharmProjects\sys-admin-cms\.venv\lib\site-packages\django\utils\safestring.py", line 59, in wrapper
    return safety_marker(func(*args, **kwargs))
  File "C:\Users\xibolba\PycharmProjects\sys-admin-cms\.venv\lib\site-packages\django_vite\templatetags\django_vite.py", line 67, in vite_asset
    return DjangoViteAssetLoader.instance().generate_vite_asset(path, app, **kwargs)
  File "C:\Users\xibolba\PycharmProjects\sys-admin-cms\.venv\lib\site-packages\django_vite\core\asset_loader.py", line 818, in generate_vite_asset
    return app_client.generate_vite_asset(path, **kwargs)
  File "C:\Users\xibolba\PycharmProjects\sys-admin-cms\.venv\lib\site-packages\django_vite\core\asset_loader.py", line 328, in generate_vite_asset
    tags.extend(self._load_css_files_of_asset(path, attrs=kwargs))
  File "C:\Users\xibolba\PycharmProjects\sys-admin-cms\.venv\lib\site-packages\django_vite\core\asset_loader.py", line 434, in _load_css_files_of_asset
    return self._generate_css_files_of_asset(
  File "C:\Users\xibolba\PycharmProjects\sys-admin-cms\.venv\lib\site-packages\django_vite\core\asset_loader.py", line 497, in _generate_css_files_of_asset
    url = self.get_production_server_url(css_path)
  File "C:\Users\xibolba\PycharmProjects\sys-admin-cms\.venv\lib\site-packages\django_vite\core\asset_loader.py", line 286, in get_production_server_url
    return staticfiles_storage.url(production_server_url)
  File "C:\Users\xibolba\PycharmProjects\sys-admin-cms\.venv\lib\site-packages\django\contrib\staticfiles\storage.py", line 204, in url
    return self._url(self.stored_name, name, force)
  File "C:\Users\xibolba\PycharmProjects\sys-admin-cms\.venv\lib\site-packages\django\contrib\staticfiles\storage.py", line 183, in _url
    hashed_name = hashed_name_func(*args)
  File "C:\Users\xibolba\PycharmProjects\sys-admin-cms\.venv\lib\site-packages\django\contrib\staticfiles\storage.py", line 518, in stored_name
    raise ValueError(
ValueError: Missing staticfiles manifest entry for 'assets/main-B-7PFOCD.css'
"GET / HTTP/1.1" 500 369
Internal Server Error: /.well-known/appspecific/com.chrome.devtools.json
"GET /.well-known/appspecific/com.chrome.devtools.json HTTP/1.1" 500 369
Internal Server Error: /
Traceback (most recent call last):
  File "C:\Users\xibolba\PycharmProjects\sys-admin-cms\.venv\lib\site-packages\django\core\handlers\exception.py", line 55, in inner
    response = get_response(request)
  File "C:\Users\xibolba\PycharmProjects\sys-admin-cms\.venv\lib\site-packages\django\core\handlers\base.py", line 220, in _get_response
    response = response.render()
  File "C:\Users\xibolba\PycharmProjects\sys-admin-cms\.venv\lib\site-packages\django\template\response.py", line 114, in render
    self.content = self.rendered_content
  File "C:\Users\xibolba\PycharmProjects\sys-admin-cms\.venv\lib\site-packages\django\template\response.py", line 92, in rendered_content
    return template.render(context, self._request)
  File "C:\Users\xibolba\PycharmProjects\sys-admin-cms\.venv\lib\site-packages\django\template\backends\django.py", line 107, in render
    return self.template.render(context)
  File "C:\Users\xibolba\PycharmProjects\sys-admin-cms\.venv\lib\site-packages\django\template\base.py", line 171, in render
    return self._render(context)
  File "C:\Users\xibolba\PycharmProjects\sys-admin-cms\.venv\lib\site-packages\django\template\base.py", line 163, in _render
    return self.nodelist.render(context)
  File "C:\Users\xibolba\PycharmProjects\sys-admin-cms\.venv\lib\site-packages\django\template\base.py", line 1016, in render
    return SafeString("".join([node.render_annotated(context) for node in self]))
  File "C:\Users\xibolba\PycharmProjects\sys-admin-cms\.venv\lib\site-packages\django\template\base.py", line 1016, in <listcomp>
    return SafeString("".join([node.render_annotated(context) for node in self]))
  File "C:\Users\xibolba\PycharmProjects\sys-admin-cms\.venv\lib\site-packages\django\template\base.py", line 977, in render_annotated
    return self.render(context)
  File "C:\Users\xibolba\PycharmProjects\sys-admin-cms\.venv\lib\site-packages\django\template\loader_tags.py", line 159, in render
    return compiled_parent._render(context)
  File "C:\Users\xibolba\PycharmProjects\sys-admin-cms\.venv\lib\site-packages\django\template\base.py", line 163, in _render
    return self.nodelist.render(context)
  File "C:\Users\xibolba\PycharmProjects\sys-admin-cms\.venv\lib\site-packages\django\template\base.py", line 1016, in render
    return SafeString("".join([node.render_annotated(context) for node in self]))
  File "C:\Users\xibolba\PycharmProjects\sys-admin-cms\.venv\lib\site-packages\django\template\base.py", line 1016, in <listcomp>
    return SafeString("".join([node.render_annotated(context) for node in self]))
  File "C:\Users\xibolba\PycharmProjects\sys-admin-cms\.venv\lib\site-packages\django\template\base.py", line 977, in render_annotated
    return self.render(context)
  File "C:\Users\xibolba\PycharmProjects\sys-admin-cms\.venv\lib\site-packages\django\template\library.py", line 321, in render
    output = self.func(*resolved_args, **resolved_kwargs)
  File "C:\Users\xibolba\PycharmProjects\sys-admin-cms\.venv\lib\site-packages\django\utils\safestring.py", line 59, in wrapper
    return safety_marker(func(*args, **kwargs))
  File "C:\Users\xibolba\PycharmProjects\sys-admin-cms\.venv\lib\site-packages\django_vite\templatetags\django_vite.py", line 67, in vite_asset
    return DjangoViteAssetLoader.instance().generate_vite_asset(path, app, **kwargs)
  File "C:\Users\xibolba\PycharmProjects\sys-admin-cms\.venv\lib\site-packages\django_vite\core\asset_loader.py", line 818, in generate_vite_asset
    return app_client.generate_vite_asset(path, **kwargs)
  File "C:\Users\xibolba\PycharmProjects\sys-admin-cms\.venv\lib\site-packages\django_vite\core\asset_loader.py", line 328, in generate_vite_asset
    tags.extend(self._load_css_files_of_asset(path, attrs=kwargs))
  File "C:\Users\xibolba\PycharmProjects\sys-admin-cms\.venv\lib\site-packages\django_vite\core\asset_loader.py", line 434, in _load_css_files_of_asset
    return self._generate_css_files_of_asset(
  File "C:\Users\xibolba\PycharmProjects\sys-admin-cms\.venv\lib\site-packages\django_vite\core\asset_loader.py", line 497, in _generate_css_files_of_asset
    url = self.get_production_server_url(css_path)
  File "C:\Users\xibolba\PycharmProjects\sys-admin-cms\.venv\lib\site-packages\django_vite\core\asset_loader.py", line 286, in get_production_server_url
    return staticfiles_storage.url(production_server_url)
  File "C:\Users\xibolba\PycharmProjects\sys-admin-cms\.venv\lib\site-packages\django\contrib\staticfiles\storage.py", line 204, in url
    return self._url(self.stored_name, name, force)
  File "C:\Users\xibolba\PycharmProjects\sys-admin-cms\.venv\lib\site-packages\django\contrib\staticfiles\storage.py", line 183, in _url
    hashed_name = hashed_name_func(*args)
  File "C:\Users\xibolba\PycharmProjects\sys-admin-cms\.venv\lib\site-packages\django\contrib\staticfiles\storage.py", line 518, in stored_name
    raise ValueError(
ValueError: Missing staticfiles manifest entry for 'assets/main-B-7PFOCD.css'
"GET / HTTP/1.1" 500 369
Internal Server Error: /.well-known/appspecific/com.chrome.devtools.json
"GET /.well-known/appspecific/com.chrome.devtools.json HTTP/1.1" 500 369
Internal Server Error: /
Traceback (most recent call last):
  File "C:\Users\xibolba\PycharmProjects\sys-admin-cms\.venv\lib\site-packages\django\core\handlers\exception.py", line 55, in inner
    response = get_response(request)
  File "C:\Users\xibolba\PycharmProjects\sys-admin-cms\.venv\lib\site-packages\django\core\handlers\base.py", line 220, in _get_response
    response = response.render()
  File "C:\Users\xibolba\PycharmProjects\sys-admin-cms\.venv\lib\site-packages\django\template\response.py", line 114, in render
    self.content = self.rendered_content
  File "C:\Users\xibolba\PycharmProjects\sys-admin-cms\.venv\lib\site-packages\django\template\response.py", line 92, in rendered_content
    return template.render(context, self._request)
  File "C:\Users\xibolba\PycharmProjects\sys-admin-cms\.venv\lib\site-packages\django\template\backends\django.py", line 107, in render
    return self.template.render(context)
  File "C:\Users\xibolba\PycharmProjects\sys-admin-cms\.venv\lib\site-packages\django\template\base.py", line 171, in render
    return self._render(context)
  File "C:\Users\xibolba\PycharmProjects\sys-admin-cms\.venv\lib\site-packages\django\template\base.py", line 163, in _render
    return self.nodelist.render(context)
  File "C:\Users\xibolba\PycharmProjects\sys-admin-cms\.venv\lib\site-packages\django\template\base.py", line 1016, in render
    return SafeString("".join([node.render_annotated(context) for node in self]))
  File "C:\Users\xibolba\PycharmProjects\sys-admin-cms\.venv\lib\site-packages\django\template\base.py", line 1016, in <listcomp>
    return SafeString("".join([node.render_annotated(context) for node in self]))
  File "C:\Users\xibolba\PycharmProjects\sys-admin-cms\.venv\lib\site-packages\django\template\base.py", line 977, in render_annotated
    return self.render(context)
  File "C:\Users\xibolba\PycharmProjects\sys-admin-cms\.venv\lib\site-packages\django\template\loader_tags.py", line 159, in render
    return compiled_parent._render(context)
  File "C:\Users\xibolba\PycharmProjects\sys-admin-cms\.venv\lib\site-packages\django\template\base.py", line 163, in _render
    return self.nodelist.render(context)
  File "C:\Users\xibolba\PycharmProjects\sys-admin-cms\.venv\lib\site-packages\django\template\base.py", line 1016, in render
    return SafeString("".join([node.render_annotated(context) for node in self]))
  File "C:\Users\xibolba\PycharmProjects\sys-admin-cms\.venv\lib\site-packages\django\template\base.py", line 1016, in <listcomp>
    return SafeString("".join([node.render_annotated(context) for node in self]))
  File "C:\Users\xibolba\PycharmProjects\sys-admin-cms\.venv\lib\site-packages\django\template\base.py", line 977, in render_annotated
    return self.render(context)
  File "C:\Users\xibolba\PycharmProjects\sys-admin-cms\.venv\lib\site-packages\django\template\library.py", line 321, in render
    output = self.func(*resolved_args, **resolved_kwargs)
  File "C:\Users\xibolba\PycharmProjects\sys-admin-cms\.venv\lib\site-packages\django\utils\safestring.py", line 59, in wrapper
    return safety_marker(func(*args, **kwargs))
  File "C:\Users\xibolba\PycharmProjects\sys-admin-cms\.venv\lib\site-packages\django_vite\templatetags\django_vite.py", line 67, in vite_asset
    return DjangoViteAssetLoader.instance().generate_vite_asset(path, app, **kwargs)
  File "C:\Users\xibolba\PycharmProjects\sys-admin-cms\.venv\lib\site-packages\django_vite\core\asset_loader.py", line 818, in generate_vite_asset
    return app_client.generate_vite_asset(path, **kwargs)
  File "C:\Users\xibolba\PycharmProjects\sys-admin-cms\.venv\lib\site-packages\django_vite\core\asset_loader.py", line 328, in generate_vite_asset
    tags.extend(self._load_css_files_of_asset(path, attrs=kwargs))
  File "C:\Users\xibolba\PycharmProjects\sys-admin-cms\.venv\lib\site-packages\django_vite\core\asset_loader.py", line 434, in _load_css_files_of_asset
    return self._generate_css_files_of_asset(
  File "C:\Users\xibolba\PycharmProjects\sys-admin-cms\.venv\lib\site-packages\django_vite\core\asset_loader.py", line 497, in _generate_css_files_of_asset
    url = self.get_production_server_url(css_path)
  File "C:\Users\xibolba\PycharmProjects\sys-admin-cms\.venv\lib\site-packages\django_vite\core\asset_loader.py", line 286, in get_production_server_url
    return staticfiles_storage.url(production_server_url)
  File "C:\Users\xibolba\PycharmProjects\sys-admin-cms\.venv\lib\site-packages\django\contrib\staticfiles\storage.py", line 204, in url
    return self._url(self.stored_name, name, force)
  File "C:\Users\xibolba\PycharmProjects\sys-admin-cms\.venv\lib\site-packages\django\contrib\staticfiles\storage.py", line 183, in _url
    hashed_name = hashed_name_func(*args)
  File "C:\Users\xibolba\PycharmProjects\sys-admin-cms\.venv\lib\site-packages\django\contrib\staticfiles\storage.py", line 518, in stored_name
    raise ValueError(
ValueError: Missing staticfiles manifest entry for 'assets/main-B-7PFOCD.css'
"GET / HTTP/1.1" 500 369
Internal Server Error: /
Traceback (most recent call last):
  File "C:\Users\xibolba\PycharmProjects\sys-admin-cms\.venv\lib\site-packages\django\core\handlers\exception.py", line 55, in inner
    response = get_response(request)
  File "C:\Users\xibolba\PycharmProjects\sys-admin-cms\.venv\lib\site-packages\django\core\handlers\base.py", line 220, in _get_response
    response = response.render()
  File "C:\Users\xibolba\PycharmProjects\sys-admin-cms\.venv\lib\site-packages\django\template\response.py", line 114, in render
    self.content = self.rendered_content
  File "C:\Users\xibolba\PycharmProjects\sys-admin-cms\.venv\lib\site-packages\django\template\response.py", line 92, in rendered_content
    return template.render(context, self._request)
  File "C:\Users\xibolba\PycharmProjects\sys-admin-cms\.venv\lib\site-packages\django\template\backends\django.py", line 107, in render
    return self.template.render(context)
  File "C:\Users\xibolba\PycharmProjects\sys-admin-cms\.venv\lib\site-packages\django\template\base.py", line 171, in render
    return self._render(context)
  File "C:\Users\xibolba\PycharmProjects\sys-admin-cms\.venv\lib\site-packages\django\template\base.py", line 163, in _render
    return self.nodelist.render(context)
  File "C:\Users\xibolba\PycharmProjects\sys-admin-cms\.venv\lib\site-packages\django\template\base.py", line 1016, in render
    return SafeString("".join([node.render_annotated(context) for node in self]))
  File "C:\Users\xibolba\PycharmProjects\sys-admin-cms\.venv\lib\site-packages\django\template\base.py", line 1016, in <listcomp>
    return SafeString("".join([node.render_annotated(context) for node in self]))
  File "C:\Users\xibolba\PycharmProjects\sys-admin-cms\.venv\lib\site-packages\django\template\base.py", line 977, in render_annotated
    return self.render(context)
  File "C:\Users\xibolba\PycharmProjects\sys-admin-cms\.venv\lib\site-packages\django\template\loader_tags.py", line 159, in render
    return compiled_parent._render(context)
  File "C:\Users\xibolba\PycharmProjects\sys-admin-cms\.venv\lib\site-packages\django\template\base.py", line 163, in _render
    return self.nodelist.render(context)
  File "C:\Users\xibolba\PycharmProjects\sys-admin-cms\.venv\lib\site-packages\django\template\base.py", line 1016, in render
    return SafeString("".join([node.render_annotated(context) for node in self]))
  File "C:\Users\xibolba\PycharmProjects\sys-admin-cms\.venv\lib\site-packages\django\template\base.py", line 1016, in <listcomp>
    return SafeString("".join([node.render_annotated(context) for node in self]))
  File "C:\Users\xibolba\PycharmProjects\sys-admin-cms\.venv\lib\site-packages\django\template\base.py", line 977, in render_annotated
    return self.render(context)
  File "C:\Users\xibolba\PycharmProjects\sys-admin-cms\.venv\lib\site-packages\django\template\library.py", line 321, in render
    output = self.func(*resolved_args, **resolved_kwargs)
  File "C:\Users\xibolba\PycharmProjects\sys-admin-cms\.venv\lib\site-packages\django\utils\safestring.py", line 59, in wrapper
    return safety_marker(func(*args, **kwargs))
  File "C:\Users\xibolba\PycharmProjects\sys-admin-cms\.venv\lib\site-packages\django_vite\templatetags\django_vite.py", line 67, in vite_asset
    return DjangoViteAssetLoader.instance().generate_vite_asset(path, app, **kwargs)
  File "C:\Users\xibolba\PycharmProjects\sys-admin-cms\.venv\lib\site-packages\django_vite\core\asset_loader.py", line 818, in generate_vite_asset
    return app_client.generate_vite_asset(path, **kwargs)
  File "C:\Users\xibolba\PycharmProjects\sys-admin-cms\.venv\lib\site-packages\django_vite\core\asset_loader.py", line 324, in generate_vite_asset
    manifest_entry = self.manifest.get(path)
  File "C:\Users\xibolba\PycharmProjects\sys-admin-cms\.venv\lib\site-packages\django_vite\core\asset_loader.py", line 211, in get
    raise DjangoViteAssetNotFoundError(
django_vite.core.exceptions.DjangoViteAssetNotFoundError: Cannot find js/main.js for app=default in Vite manifest at C:\Users\xibolba\PycharmProjects\sys-admin-cms\backend\static\assets\manifest.json
"GET / HTTP/1.1" 500 369
Internal Server Error: /.well-known/appspecific/com.chrome.devtools.json
"GET /.well-known/appspecific/com.chrome.devtools.json HTTP/1.1" 500 369
Internal Server Error: /
Traceback (most recent call last):
  File "C:\Users\xibolba\PycharmProjects\sys-admin-cms\.venv\lib\site-packages\django\core\handlers\exception.py", line 55, in inner
    response = get_response(request)
  File "C:\Users\xibolba\PycharmProjects\sys-admin-cms\.venv\lib\site-packages\django\core\handlers\base.py", line 220, in _get_response
    response = response.render()
  File "C:\Users\xibolba\PycharmProjects\sys-admin-cms\.venv\lib\site-packages\django\template\response.py", line 114, in render
    self.content = self.rendered_content
  File "C:\Users\xibolba\PycharmProjects\sys-admin-cms\.venv\lib\site-packages\django\template\response.py", line 92, in rendered_content
    return template.render(context, self._request)
  File "C:\Users\xibolba\PycharmProjects\sys-admin-cms\.venv\lib\site-packages\django\template\backends\django.py", line 107, in render
    return self.template.render(context)
  File "C:\Users\xibolba\PycharmProjects\sys-admin-cms\.venv\lib\site-packages\django\template\base.py", line 171, in render
    return self._render(context)
  File "C:\Users\xibolba\PycharmProjects\sys-admin-cms\.venv\lib\site-packages\django\template\base.py", line 163, in _render
    return self.nodelist.render(context)
  File "C:\Users\xibolba\PycharmProjects\sys-admin-cms\.venv\lib\site-packages\django\template\base.py", line 1016, in render
    return SafeString("".join([node.render_annotated(context) for node in self]))
  File "C:\Users\xibolba\PycharmProjects\sys-admin-cms\.venv\lib\site-packages\django\template\base.py", line 1016, in <listcomp>
    return SafeString("".join([node.render_annotated(context) for node in self]))
  File "C:\Users\xibolba\PycharmProjects\sys-admin-cms\.venv\lib\site-packages\django\template\base.py", line 977, in render_annotated
    return self.render(context)
  File "C:\Users\xibolba\PycharmProjects\sys-admin-cms\.venv\lib\site-packages\django\template\loader_tags.py", line 159, in render
    return compiled_parent._render(context)
  File "C:\Users\xibolba\PycharmProjects\sys-admin-cms\.venv\lib\site-packages\django\template\base.py", line 163, in _render
    return self.nodelist.render(context)
  File "C:\Users\xibolba\PycharmProjects\sys-admin-cms\.venv\lib\site-packages\django\template\base.py", line 1016, in render
    return SafeString("".join([node.render_annotated(context) for node in self]))
  File "C:\Users\xibolba\PycharmProjects\sys-admin-cms\.venv\lib\site-packages\django\template\base.py", line 1016, in <listcomp>
    return SafeString("".join([node.render_annotated(context) for node in self]))
  File "C:\Users\xibolba\PycharmProjects\sys-admin-cms\.venv\lib\site-packages\django\template\base.py", line 977, in render_annotated
    return self.render(context)
  File "C:\Users\xibolba\PycharmProjects\sys-admin-cms\.venv\lib\site-packages\django\template\library.py", line 321, in render
    output = self.func(*resolved_args, **resolved_kwargs)
  File "C:\Users\xibolba\PycharmProjects\sys-admin-cms\.venv\lib\site-packages\django\utils\safestring.py", line 59, in wrapper
    return safety_marker(func(*args, **kwargs))
  File "C:\Users\xibolba\PycharmProjects\sys-admin-cms\.venv\lib\site-packages\django_vite\templatetags\django_vite.py", line 67, in vite_asset
    return DjangoViteAssetLoader.instance().generate_vite_asset(path, app, **kwargs)
  File "C:\Users\xibolba\PycharmProjects\sys-admin-cms\.venv\lib\site-packages\django_vite\core\asset_loader.py", line 818, in generate_vite_asset
    return app_client.generate_vite_asset(path, **kwargs)
  File "C:\Users\xibolba\PycharmProjects\sys-admin-cms\.venv\lib\site-packages\django_vite\core\asset_loader.py", line 324, in generate_vite_asset
    manifest_entry = self.manifest.get(path)
  File "C:\Users\xibolba\PycharmProjects\sys-admin-cms\.venv\lib\site-packages\django_vite\core\asset_loader.py", line 211, in get
    raise DjangoViteAssetNotFoundError(
django_vite.core.exceptions.DjangoViteAssetNotFoundError: Cannot find js/main.js for app=default in Vite manifest at C:\Users\xibolba\PycharmProjects\sys-admin-cms\backend\static\assets\manifest.json
"GET / HTTP/1.1" 500 369
Internal Server Error: /.well-known/appspecific/com.chrome.devtools.json
"GET /.well-known/appspecific/com.chrome.devtools.json HTTP/1.1" 500 369
Internal Server Error: /
Traceback (most recent call last):
  File "C:\Users\xibolba\PycharmProjects\sys-admin-cms\.venv\lib\site-packages\django\core\handlers\exception.py", line 55, in inner
    response = get_response(request)
  File "C:\Users\xibolba\PycharmProjects\sys-admin-cms\.venv\lib\site-packages\django\core\handlers\base.py", line 220, in _get_response
    response = response.render()
  File "C:\Users\xibolba\PycharmProjects\sys-admin-cms\.venv\lib\site-packages\django\template\response.py", line 114, in render
    self.content = self.rendered_content
  File "C:\Users\xibolba\PycharmProjects\sys-admin-cms\.venv\lib\site-packages\django\template\response.py", line 92, in rendered_content
    return template.render(context, self._request)
  File "C:\Users\xibolba\PycharmProjects\sys-admin-cms\.venv\lib\site-packages\django\template\backends\django.py", line 107, in render
    return self.template.render(context)
  File "C:\Users\xibolba\PycharmProjects\sys-admin-cms\.venv\lib\site-packages\django\template\base.py", line 171, in render
    return self._render(context)
  File "C:\Users\xibolba\PycharmProjects\sys-admin-cms\.venv\lib\site-packages\django\template\base.py", line 163, in _render
    return self.nodelist.render(context)
  File "C:\Users\xibolba\PycharmProjects\sys-admin-cms\.venv\lib\site-packages\django\template\base.py", line 1016, in render
    return SafeString("".join([node.render_annotated(context) for node in self]))
  File "C:\Users\xibolba\PycharmProjects\sys-admin-cms\.venv\lib\site-packages\django\template\base.py", line 1016, in <listcomp>
    return SafeString("".join([node.render_annotated(context) for node in self]))
  File "C:\Users\xibolba\PycharmProjects\sys-admin-cms\.venv\lib\site-packages\django\template\base.py", line 977, in render_annotated
    return self.render(context)
  File "C:\Users\xibolba\PycharmProjects\sys-admin-cms\.venv\lib\site-packages\django\template\loader_tags.py", line 159, in render
    return compiled_parent._render(context)
  File "C:\Users\xibolba\PycharmProjects\sys-admin-cms\.venv\lib\site-packages\django\template\base.py", line 163, in _render
    return self.nodelist.render(context)
  File "C:\Users\xibolba\PycharmProjects\sys-admin-cms\.venv\lib\site-packages\django\template\base.py", line 1016, in render
    return SafeString("".join([node.render_annotated(context) for node in self]))
  File "C:\Users\xibolba\PycharmProjects\sys-admin-cms\.venv\lib\site-packages\django\template\base.py", line 1016, in <listcomp>
    return SafeString("".join([node.render_annotated(context) for node in self]))
  File "C:\Users\xibolba\PycharmProjects\sys-admin-cms\.venv\lib\site-packages\django\template\base.py", line 977, in render_annotated
    return self.render(context)
  File "C:\Users\xibolba\PycharmProjects\sys-admin-cms\.venv\lib\site-packages\django\template\library.py", line 321, in render
    output = self.func(*resolved_args, **resolved_kwargs)
  File "C:\Users\xibolba\PycharmProjects\sys-admin-cms\.venv\lib\site-packages\django\utils\safestring.py", line 59, in wrapper
    return safety_marker(func(*args, **kwargs))
  File "C:\Users\xibolba\PycharmProjects\sys-admin-cms\.venv\lib\site-packages\django_vite\templatetags\django_vite.py", line 67, in vite_asset
    return DjangoViteAssetLoader.instance().generate_vite_asset(path, app, **kwargs)
  File "C:\Users\xibolba\PycharmProjects\sys-admin-cms\.venv\lib\site-packages\django_vite\core\asset_loader.py", line 818, in generate_vite_asset
    return app_client.generate_vite_asset(path, **kwargs)
  File "C:\Users\xibolba\PycharmProjects\sys-admin-cms\.venv\lib\site-packages\django_vite\core\asset_loader.py", line 328, in generate_vite_asset
    tags.extend(self._load_css_files_of_asset(path, attrs=kwargs))
  File "C:\Users\xibolba\PycharmProjects\sys-admin-cms\.venv\lib\site-packages\django_vite\core\asset_loader.py", line 434, in _load_css_files_of_asset
    return self._generate_css_files_of_asset(
  File "C:\Users\xibolba\PycharmProjects\sys-admin-cms\.venv\lib\site-packages\django_vite\core\asset_loader.py", line 497, in _generate_css_files_of_asset
    url = self.get_production_server_url(css_path)
  File "C:\Users\xibolba\PycharmProjects\sys-admin-cms\.venv\lib\site-packages\django_vite\core\asset_loader.py", line 286, in get_production_server_url
    return staticfiles_storage.url(production_server_url)
  File "C:\Users\xibolba\PycharmProjects\sys-admin-cms\.venv\lib\site-packages\django\contrib\staticfiles\storage.py", line 204, in url
    return self._url(self.stored_name, name, force)
  File "C:\Users\xibolba\PycharmProjects\sys-admin-cms\.venv\lib\site-packages\django\contrib\staticfiles\storage.py", line 183, in _url
    hashed_name = hashed_name_func(*args)
  File "C:\Users\xibolba\PycharmProjects\sys-admin-cms\.venv\lib\site-packages\django\contrib\staticfiles\storage.py", line 518, in stored_name
    raise ValueError(
ValueError: Missing staticfiles manifest entry for 'assets/main-B-7PFOCD.css'
"GET / HTTP/1.1" 500 369
Internal Server Error: /.well-known/appspecific/com.chrome.devtools.json
"GET /.well-known/appspecific/com.chrome.devtools.json HTTP/1.1" 500 369
Internal Server Error: /
Traceback (most recent call last):
  File "C:\Users\xibolba\PycharmProjects\sys-admin-cms\.venv\lib\site-packages\django\core\handlers\exception.py", line 55, in inner
    response = get_response(request)
  File "C:\Users\xibolba\PycharmProjects\sys-admin-cms\.venv\lib\site-packages\django\core\handlers\base.py", line 220, in _get_response
    response = response.render()
  File "C:\Users\xibolba\PycharmProjects\sys-admin-cms\.venv\lib\site-packages\django\template\response.py", line 114, in render
    self.content = self.rendered_content
  File "C:\Users\xibolba\PycharmProjects\sys-admin-cms\.venv\lib\site-packages\django\template\response.py", line 92, in rendered_content
    return template.render(context, self._request)
  File "C:\Users\xibolba\PycharmProjects\sys-admin-cms\.venv\lib\site-packages\django\template\backends\django.py", line 107, in render
    return self.template.render(context)
  File "C:\Users\xibolba\PycharmProjects\sys-admin-cms\.venv\lib\site-packages\django\template\base.py", line 171, in render
    return self._render(context)
  File "C:\Users\xibolba\PycharmProjects\sys-admin-cms\.venv\lib\site-packages\django\template\base.py", line 163, in _render
    return self.nodelist.render(context)
  File "C:\Users\xibolba\PycharmProjects\sys-admin-cms\.venv\lib\site-packages\django\template\base.py", line 1016, in render
    return SafeString("".join([node.render_annotated(context) for node in self]))
  File "C:\Users\xibolba\PycharmProjects\sys-admin-cms\.venv\lib\site-packages\django\template\base.py", line 1016, in <listcomp>
    return SafeString("".join([node.render_annotated(context) for node in self]))
  File "C:\Users\xibolba\PycharmProjects\sys-admin-cms\.venv\lib\site-packages\django\template\base.py", line 977, in render_annotated
    return self.render(context)
  File "C:\Users\xibolba\PycharmProjects\sys-admin-cms\.venv\lib\site-packages\django\template\loader_tags.py", line 159, in render
    return compiled_parent._render(context)
  File "C:\Users\xibolba\PycharmProjects\sys-admin-cms\.venv\lib\site-packages\django\template\base.py", line 163, in _render
    return self.nodelist.render(context)
  File "C:\Users\xibolba\PycharmProjects\sys-admin-cms\.venv\lib\site-packages\django\template\base.py", line 1016, in render
    return SafeString("".join([node.render_annotated(context) for node in self]))
  File "C:\Users\xibolba\PycharmProjects\sys-admin-cms\.venv\lib\site-packages\django\template\base.py", line 1016, in <listcomp>
    return SafeString("".join([node.render_annotated(context) for node in self]))
  File "C:\Users\xibolba\PycharmProjects\sys-admin-cms\.venv\lib\site-packages\django\template\base.py", line 977, in render_annotated
    return self.render(context)
  File "C:\Users\xibolba\PycharmProjects\sys-admin-cms\.venv\lib\site-packages\django\template\library.py", line 321, in render
    output = self.func(*resolved_args, **resolved_kwargs)
  File "C:\Users\xibolba\PycharmProjects\sys-admin-cms\.venv\lib\site-packages\django\utils\safestring.py", line 59, in wrapper
    return safety_marker(func(*args, **kwargs))
  File "C:\Users\xibolba\PycharmProjects\sys-admin-cms\.venv\lib\site-packages\django_vite\templatetags\django_vite.py", line 67, in vite_asset
    return DjangoViteAssetLoader.instance().generate_vite_asset(path, app, **kwargs)
  File "C:\Users\xibolba\PycharmProjects\sys-admin-cms\.venv\lib\site-packages\django_vite\core\asset_loader.py", line 818, in generate_vite_asset
    return app_client.generate_vite_asset(path, **kwargs)
  File "C:\Users\xibolba\PycharmProjects\sys-admin-cms\.venv\lib\site-packages\django_vite\core\asset_loader.py", line 328, in generate_vite_asset
    tags.extend(self._load_css_files_of_asset(path, attrs=kwargs))
  File "C:\Users\xibolba\PycharmProjects\sys-admin-cms\.venv\lib\site-packages\django_vite\core\asset_loader.py", line 434, in _load_css_files_of_asset
    return self._generate_css_files_of_asset(
  File "C:\Users\xibolba\PycharmProjects\sys-admin-cms\.venv\lib\site-packages\django_vite\core\asset_loader.py", line 497, in _generate_css_files_of_asset
    url = self.get_production_server_url(css_path)
  File "C:\Users\xibolba\PycharmProjects\sys-admin-cms\.venv\lib\site-packages\django_vite\core\asset_loader.py", line 286, in get_production_server_url
    return staticfiles_storage.url(production_server_url)
  File "C:\Users\xibolba\PycharmProjects\sys-admin-cms\.venv\lib\site-packages\django\contrib\staticfiles\storage.py", line 204, in url
    return self._url(self.stored_name, name, force)
  File "C:\Users\xibolba\PycharmProjects\sys-admin-cms\.venv\lib\site-packages\django\contrib\staticfiles\storage.py", line 183, in _url
    hashed_name = hashed_name_func(*args)
  File "C:\Users\xibolba\PycharmProjects\sys-admin-cms\.venv\lib\site-packages\django\contrib\staticfiles\storage.py", line 518, in stored_name
    raise ValueError(
ValueError: Missing staticfiles manifest entry for 'assets/main-B-7PFOCD.css'
"GET / HTTP/1.1" 500 369
Internal Server Error: /.well-known/appspecific/com.chrome.devtools.json
"GET /.well-known/appspecific/com.chrome.devtools.json HTTP/1.1" 500 369
Internal Server Error: /
Traceback (most recent call last):
  File "C:\Users\xibolba\PycharmProjects\sys-admin-cms\.venv\lib\site-packages\django\core\handlers\exception.py", line 55, in inner
    response = get_response(request)
  File "C:\Users\xibolba\PycharmProjects\sys-admin-cms\.venv\lib\site-packages\django\core\handlers\base.py", line 220, in _get_response
    response = response.render()
  File "C:\Users\xibolba\PycharmProjects\sys-admin-cms\.venv\lib\site-packages\django\template\response.py", line 114, in render
    self.content = self.rendered_content
  File "C:\Users\xibolba\PycharmProjects\sys-admin-cms\.venv\lib\site-packages\django\template\response.py", line 92, in rendered_content
    return template.render(context, self._request)
  File "C:\Users\xibolba\PycharmProjects\sys-admin-cms\.venv\lib\site-packages\django\template\backends\django.py", line 107, in render
    return self.template.render(context)
  File "C:\Users\xibolba\PycharmProjects\sys-admin-cms\.venv\lib\site-packages\django\template\base.py", line 171, in render
    return self._render(context)
  File "C:\Users\xibolba\PycharmProjects\sys-admin-cms\.venv\lib\site-packages\django\template\base.py", line 163, in _render
    return self.nodelist.render(context)
  File "C:\Users\xibolba\PycharmProjects\sys-admin-cms\.venv\lib\site-packages\django\template\base.py", line 1016, in render
    return SafeString("".join([node.render_annotated(context) for node in self]))
  File "C:\Users\xibolba\PycharmProjects\sys-admin-cms\.venv\lib\site-packages\django\template\base.py", line 1016, in <listcomp>
    return SafeString("".join([node.render_annotated(context) for node in self]))
  File "C:\Users\xibolba\PycharmProjects\sys-admin-cms\.venv\lib\site-packages\django\template\base.py", line 977, in render_annotated
    return self.render(context)
  File "C:\Users\xibolba\PycharmProjects\sys-admin-cms\.venv\lib\site-packages\django\template\loader_tags.py", line 159, in render
    return compiled_parent._render(context)
  File "C:\Users\xibolba\PycharmProjects\sys-admin-cms\.venv\lib\site-packages\django\template\base.py", line 163, in _render
    return self.nodelist.render(context)
  File "C:\Users\xibolba\PycharmProjects\sys-admin-cms\.venv\lib\site-packages\django\template\base.py", line 1016, in render
    return SafeString("".join([node.render_annotated(context) for node in self]))
  File "C:\Users\xibolba\PycharmProjects\sys-admin-cms\.venv\lib\site-packages\django\template\base.py", line 1016, in <listcomp>
    return SafeString("".join([node.render_annotated(context) for node in self]))
  File "C:\Users\xibolba\PycharmProjects\sys-admin-cms\.venv\lib\site-packages\django\template\base.py", line 977, in render_annotated
    return self.render(context)
  File "C:\Users\xibolba\PycharmProjects\sys-admin-cms\.venv\lib\site-packages\django\template\library.py", line 321, in render
    output = self.func(*resolved_args, **resolved_kwargs)
  File "C:\Users\xibolba\PycharmProjects\sys-admin-cms\.venv\lib\site-packages\django\utils\safestring.py", line 59, in wrapper
    return safety_marker(func(*args, **kwargs))
  File "C:\Users\xibolba\PycharmProjects\sys-admin-cms\.venv\lib\site-packages\django_vite\templatetags\django_vite.py", line 67, in vite_asset
    return DjangoViteAssetLoader.instance().generate_vite_asset(path, app, **kwargs)
  File "C:\Users\xibolba\PycharmProjects\sys-admin-cms\.venv\lib\site-packages\django_vite\core\asset_loader.py", line 818, in generate_vite_asset
    return app_client.generate_vite_asset(path, **kwargs)
  File "C:\Users\xibolba\PycharmProjects\sys-admin-cms\.venv\lib\site-packages\django_vite\core\asset_loader.py", line 328, in generate_vite_asset
    tags.extend(self._load_css_files_of_asset(path, attrs=kwargs))
  File "C:\Users\xibolba\PycharmProjects\sys-admin-cms\.venv\lib\site-packages\django_vite\core\asset_loader.py", line 434, in _load_css_files_of_asset
    return self._generate_css_files_of_asset(
  File "C:\Users\xibolba\PycharmProjects\sys-admin-cms\.venv\lib\site-packages\django_vite\core\asset_loader.py", line 497, in _generate_css_files_of_asset
    url = self.get_production_server_url(css_path)
  File "C:\Users\xibolba\PycharmProjects\sys-admin-cms\.venv\lib\site-packages\django_vite\core\asset_loader.py", line 286, in get_production_server_url
    return staticfiles_storage.url(production_server_url)
  File "C:\Users\xibolba\PycharmProjects\sys-admin-cms\.venv\lib\site-packages\django\contrib\staticfiles\storage.py", line 204, in url
    return self._url(self.stored_name, name, force)
  File "C:\Users\xibolba\PycharmProjects\sys-admin-cms\.venv\lib\site-packages\django\contrib\staticfiles\storage.py", line 183, in _url
    hashed_name = hashed_name_func(*args)
  File "C:\Users\xibolba\PycharmProjects\sys-admin-cms\.venv\lib\site-packages\django\contrib\staticfiles\storage.py", line 518, in stored_name
    raise ValueError(
ValueError: Missing staticfiles manifest entry for 'assets/main-B-7PFOCD.css'
"GET / HTTP/1.1" 500 369
Internal Server Error: /.well-known/appspecific/com.chrome.devtools.json
"GET /.well-known/appspecific/com.chrome.devtools.json HTTP/1.1" 500 369
Internal Server Error: /
Traceback (most recent call last):
  File "C:\Users\xibolba\PycharmProjects\sys-admin-cms\.venv\lib\site-packages\django\core\handlers\exception.py", line 55, in inner
    response = get_response(request)
  File "C:\Users\xibolba\PycharmProjects\sys-admin-cms\.venv\lib\site-packages\django\core\handlers\base.py", line 220, in _get_response
    response = response.render()
  File "C:\Users\xibolba\PycharmProjects\sys-admin-cms\.venv\lib\site-packages\django\template\response.py", line 114, in render
    self.content = self.rendered_content
  File "C:\Users\xibolba\PycharmProjects\sys-admin-cms\.venv\lib\site-packages\django\template\response.py", line 92, in rendered_content
    return template.render(context, self._request)
  File "C:\Users\xibolba\PycharmProjects\sys-admin-cms\.venv\lib\site-packages\django\template\backends\django.py", line 107, in render
    return self.template.render(context)
  File "C:\Users\xibolba\PycharmProjects\sys-admin-cms\.venv\lib\site-packages\django\template\base.py", line 171, in render
    return self._render(context)
  File "C:\Users\xibolba\PycharmProjects\sys-admin-cms\.venv\lib\site-packages\django\template\base.py", line 163, in _render
    return self.nodelist.render(context)
  File "C:\Users\xibolba\PycharmProjects\sys-admin-cms\.venv\lib\site-packages\django\template\base.py", line 1016, in render
    return SafeString("".join([node.render_annotated(context) for node in self]))
  File "C:\Users\xibolba\PycharmProjects\sys-admin-cms\.venv\lib\site-packages\django\template\base.py", line 1016, in <listcomp>
    return SafeString("".join([node.render_annotated(context) for node in self]))
  File "C:\Users\xibolba\PycharmProjects\sys-admin-cms\.venv\lib\site-packages\django\template\base.py", line 977, in render_annotated
    return self.render(context)
  File "C:\Users\xibolba\PycharmProjects\sys-admin-cms\.venv\lib\site-packages\django\template\loader_tags.py", line 159, in render
    return compiled_parent._render(context)
  File "C:\Users\xibolba\PycharmProjects\sys-admin-cms\.venv\lib\site-packages\django\template\base.py", line 163, in _render
    return self.nodelist.render(context)
  File "C:\Users\xibolba\PycharmProjects\sys-admin-cms\.venv\lib\site-packages\django\template\base.py", line 1016, in render
    return SafeString("".join([node.render_annotated(context) for node in self]))
  File "C:\Users\xibolba\PycharmProjects\sys-admin-cms\.venv\lib\site-packages\django\template\base.py", line 1016, in <listcomp>
    return SafeString("".join([node.render_annotated(context) for node in self]))
  File "C:\Users\xibolba\PycharmProjects\sys-admin-cms\.venv\lib\site-packages\django\template\base.py", line 977, in render_annotated
    return self.render(context)
  File "C:\Users\xibolba\PycharmProjects\sys-admin-cms\.venv\lib\site-packages\django\template\library.py", line 321, in render
    output = self.func(*resolved_args, **resolved_kwargs)
  File "C:\Users\xibolba\PycharmProjects\sys-admin-cms\.venv\lib\site-packages\django\utils\safestring.py", line 59, in wrapper
    return safety_marker(func(*args, **kwargs))
  File "C:\Users\xibolba\PycharmProjects\sys-admin-cms\.venv\lib\site-packages\django_vite\templatetags\django_vite.py", line 67, in vite_asset
    return DjangoViteAssetLoader.instance().generate_vite_asset(path, app, **kwargs)
  File "C:\Users\xibolba\PycharmProjects\sys-admin-cms\.venv\lib\site-packages\django_vite\core\asset_loader.py", line 818, in generate_vite_asset
    return app_client.generate_vite_asset(path, **kwargs)
  File "C:\Users\xibolba\PycharmProjects\sys-admin-cms\.venv\lib\site-packages\django_vite\core\asset_loader.py", line 328, in generate_vite_asset
    tags.extend(self._load_css_files_of_asset(path, attrs=kwargs))
  File "C:\Users\xibolba\PycharmProjects\sys-admin-cms\.venv\lib\site-packages\django_vite\core\asset_loader.py", line 434, in _load_css_files_of_asset
    return self._generate_css_files_of_asset(
  File "C:\Users\xibolba\PycharmProjects\sys-admin-cms\.venv\lib\site-packages\django_vite\core\asset_loader.py", line 497, in _generate_css_files_of_asset
    url = self.get_production_server_url(css_path)
  File "C:\Users\xibolba\PycharmProjects\sys-admin-cms\.venv\lib\site-packages\django_vite\core\asset_loader.py", line 286, in get_production_server_url
    return staticfiles_storage.url(production_server_url)
  File "C:\Users\xibolba\PycharmProjects\sys-admin-cms\.venv\lib\site-packages\django\contrib\staticfiles\storage.py", line 204, in url
    return self._url(self.stored_name, name, force)
  File "C:\Users\xibolba\PycharmProjects\sys-admin-cms\.venv\lib\site-packages\django\contrib\staticfiles\storage.py", line 183, in _url
    hashed_name = hashed_name_func(*args)
  File "C:\Users\xibolba\PycharmProjects\sys-admin-cms\.venv\lib\site-packages\django\contrib\staticfiles\storage.py", line 518, in stored_name
    raise ValueError(
ValueError: Missing staticfiles manifest entry for 'assets/main-B-7PFOCD.css'
"GET / HTTP/1.1" 500 369
Internal Server Error: /.well-known/appspecific/com.chrome.devtools.json
"GET /.well-known/appspecific/com.chrome.devtools.json HTTP/1.1" 500 369
Internal Server Error: /
Traceback (most recent call last):
  File "C:\Users\xibolba\PycharmProjects\sys-admin-cms\.venv\lib\site-packages\django\core\handlers\exception.py", line 55, in inner
    response = get_response(request)
  File "C:\Users\xibolba\PycharmProjects\sys-admin-cms\.venv\lib\site-packages\django\core\handlers\base.py", line 220, in _get_response
    response = response.render()
  File "C:\Users\xibolba\PycharmProjects\sys-admin-cms\.venv\lib\site-packages\django\template\response.py", line 114, in render
    self.content = self.rendered_content
  File "C:\Users\xibolba\PycharmProjects\sys-admin-cms\.venv\lib\site-packages\django\template\response.py", line 92, in rendered_content
    return template.render(context, self._request)
  File "C:\Users\xibolba\PycharmProjects\sys-admin-cms\.venv\lib\site-packages\django\template\backends\django.py", line 107, in render
    return self.template.render(context)
  File "C:\Users\xibolba\PycharmProjects\sys-admin-cms\.venv\lib\site-packages\django\template\base.py", line 171, in render
    return self._render(context)
  File "C:\Users\xibolba\PycharmProjects\sys-admin-cms\.venv\lib\site-packages\django\template\base.py", line 163, in _render
    return self.nodelist.render(context)
  File "C:\Users\xibolba\PycharmProjects\sys-admin-cms\.venv\lib\site-packages\django\template\base.py", line 1016, in render
    return SafeString("".join([node.render_annotated(context) for node in self]))
  File "C:\Users\xibolba\PycharmProjects\sys-admin-cms\.venv\lib\site-packages\django\template\base.py", line 1016, in <listcomp>
    return SafeString("".join([node.render_annotated(context) for node in self]))
  File "C:\Users\xibolba\PycharmProjects\sys-admin-cms\.venv\lib\site-packages\django\template\base.py", line 977, in render_annotated
    return self.render(context)
  File "C:\Users\xibolba\PycharmProjects\sys-admin-cms\.venv\lib\site-packages\django\template\loader_tags.py", line 159, in render
    return compiled_parent._render(context)
  File "C:\Users\xibolba\PycharmProjects\sys-admin-cms\.venv\lib\site-packages\django\template\base.py", line 163, in _render
    return self.nodelist.render(context)
  File "C:\Users\xibolba\PycharmProjects\sys-admin-cms\.venv\lib\site-packages\django\template\base.py", line 1016, in render
    return SafeString("".join([node.render_annotated(context) for node in self]))
  File "C:\Users\xibolba\PycharmProjects\sys-admin-cms\.venv\lib\site-packages\django\template\base.py", line 1016, in <listcomp>
    return SafeString("".join([node.render_annotated(context) for node in self]))
  File "C:\Users\xibolba\PycharmProjects\sys-admin-cms\.venv\lib\site-packages\django\template\base.py", line 977, in render_annotated
    return self.render(context)
  File "C:\Users\xibolba\PycharmProjects\sys-admin-cms\.venv\lib\site-packages\django\template\library.py", line 321, in render
    output = self.func(*resolved_args, **resolved_kwargs)
  File "C:\Users\xibolba\PycharmProjects\sys-admin-cms\.venv\lib\site-packages\django\utils\safestring.py", line 59, in wrapper
    return safety_marker(func(*args, **kwargs))
  File "C:\Users\xibolba\PycharmProjects\sys-admin-cms\.venv\lib\site-packages\django_vite\templatetags\django_vite.py", line 67, in vite_asset
    return DjangoViteAssetLoader.instance().generate_vite_asset(path, app, **kwargs)
  File "C:\Users\xibolba\PycharmProjects\sys-admin-cms\.venv\lib\site-packages\django_vite\core\asset_loader.py", line 818, in generate_vite_asset
    return app_client.generate_vite_asset(path, **kwargs)
  File "C:\Users\xibolba\PycharmProjects\sys-admin-cms\.venv\lib\site-packages\django_vite\core\asset_loader.py", line 328, in generate_vite_asset
    tags.extend(self._load_css_files_of_asset(path, attrs=kwargs))
  File "C:\Users\xibolba\PycharmProjects\sys-admin-cms\.venv\lib\site-packages\django_vite\core\asset_loader.py", line 434, in _load_css_files_of_asset
    return self._generate_css_files_of_asset(
  File "C:\Users\xibolba\PycharmProjects\sys-admin-cms\.venv\lib\site-packages\django_vite\core\asset_loader.py", line 497, in _generate_css_files_of_asset
    url = self.get_production_server_url(css_path)
  File "C:\Users\xibolba\PycharmProjects\sys-admin-cms\.venv\lib\site-packages\django_vite\core\asset_loader.py", line 286, in get_production_server_url
    return staticfiles_storage.url(production_server_url)
  File "C:\Users\xibolba\PycharmProjects\sys-admin-cms\.venv\lib\site-packages\django\contrib\staticfiles\storage.py", line 204, in url
    return self._url(self.stored_name, name, force)
  File "C:\Users\xibolba\PycharmProjects\sys-admin-cms\.venv\lib\site-packages\django\contrib\staticfiles\storage.py", line 183, in _url
    hashed_name = hashed_name_func(*args)
  File "C:\Users\xibolba\PycharmProjects\sys-admin-cms\.venv\lib\site-packages\django\contrib\staticfiles\storage.py", line 518, in stored_name
    raise ValueError(
ValueError: Missing staticfiles manifest entry for 'assets/main-B-7PFOCD.css'
"GET / HTTP/1.1" 500 369
Internal Server Error: /.well-known/appspecific/com.chrome.devtools.json
"GET /.well-known/appspecific/com.chrome.devtools.json HTTP/1.1" 500 369
Internal Server Error: /
Traceback (most recent call last):
  File "C:\Users\xibolba\PycharmProjects\sys-admin-cms\.venv\lib\site-packages\django\core\handlers\exception.py", line 55, in inner
    response = get_response(request)
  File "C:\Users\xibolba\PycharmProjects\sys-admin-cms\.venv\lib\site-packages\django\core\handlers\base.py", line 220, in _get_response
    response = response.render()
  File "C:\Users\xibolba\PycharmProjects\sys-admin-cms\.venv\lib\site-packages\django\template\response.py", line 114, in render
    self.content = self.rendered_content
  File "C:\Users\xibolba\PycharmProjects\sys-admin-cms\.venv\lib\site-packages\django\template\response.py", line 92, in rendered_content
    return template.render(context, self._request)
  File "C:\Users\xibolba\PycharmProjects\sys-admin-cms\.venv\lib\site-packages\django\template\backends\django.py", line 107, in render
    return self.template.render(context)
  File "C:\Users\xibolba\PycharmProjects\sys-admin-cms\.venv\lib\site-packages\django\template\base.py", line 171, in render
    return self._render(context)
  File "C:\Users\xibolba\PycharmProjects\sys-admin-cms\.venv\lib\site-packages\django\template\base.py", line 163, in _render
    return self.nodelist.render(context)
  File "C:\Users\xibolba\PycharmProjects\sys-admin-cms\.venv\lib\site-packages\django\template\base.py", line 1016, in render
    return SafeString("".join([node.render_annotated(context) for node in self]))
  File "C:\Users\xibolba\PycharmProjects\sys-admin-cms\.venv\lib\site-packages\django\template\base.py", line 1016, in <listcomp>
    return SafeString("".join([node.render_annotated(context) for node in self]))
  File "C:\Users\xibolba\PycharmProjects\sys-admin-cms\.venv\lib\site-packages\django\template\base.py", line 977, in render_annotated
    return self.render(context)
  File "C:\Users\xibolba\PycharmProjects\sys-admin-cms\.venv\lib\site-packages\django\template\loader_tags.py", line 159, in render
    return compiled_parent._render(context)
  File "C:\Users\xibolba\PycharmProjects\sys-admin-cms\.venv\lib\site-packages\django\template\base.py", line 163, in _render
    return self.nodelist.render(context)
  File "C:\Users\xibolba\PycharmProjects\sys-admin-cms\.venv\lib\site-packages\django\template\base.py", line 1016, in render
    return SafeString("".join([node.render_annotated(context) for node in self]))
  File "C:\Users\xibolba\PycharmProjects\sys-admin-cms\.venv\lib\site-packages\django\template\base.py", line 1016, in <listcomp>
    return SafeString("".join([node.render_annotated(context) for node in self]))
  File "C:\Users\xibolba\PycharmProjects\sys-admin-cms\.venv\lib\site-packages\django\template\base.py", line 977, in render_annotated
    return self.render(context)
  File "C:\Users\xibolba\PycharmProjects\sys-admin-cms\.venv\lib\site-packages\django\template\library.py", line 321, in render
    output = self.func(*resolved_args, **resolved_kwargs)
  File "C:\Users\xibolba\PycharmProjects\sys-admin-cms\.venv\lib\site-packages\django\utils\safestring.py", line 59, in wrapper
    return safety_marker(func(*args, **kwargs))
  File "C:\Users\xibolba\PycharmProjects\sys-admin-cms\.venv\lib\site-packages\django_vite\templatetags\django_vite.py", line 67, in vite_asset
    return DjangoViteAssetLoader.instance().generate_vite_asset(path, app, **kwargs)
  File "C:\Users\xibolba\PycharmProjects\sys-admin-cms\.venv\lib\site-packages\django_vite\core\asset_loader.py", line 818, in generate_vite_asset
    return app_client.generate_vite_asset(path, **kwargs)
  File "C:\Users\xibolba\PycharmProjects\sys-admin-cms\.venv\lib\site-packages\django_vite\core\asset_loader.py", line 328, in generate_vite_asset
    tags.extend(self._load_css_files_of_asset(path, attrs=kwargs))
  File "C:\Users\xibolba\PycharmProjects\sys-admin-cms\.venv\lib\site-packages\django_vite\core\asset_loader.py", line 434, in _load_css_files_of_asset
    return self._generate_css_files_of_asset(
  File "C:\Users\xibolba\PycharmProjects\sys-admin-cms\.venv\lib\site-packages\django_vite\core\asset_loader.py", line 497, in _generate_css_files_of_asset
    url = self.get_production_server_url(css_path)
  File "C:\Users\xibolba\PycharmProjects\sys-admin-cms\.venv\lib\site-packages\django_vite\core\asset_loader.py", line 286, in get_production_server_url
    return staticfiles_storage.url(production_server_url)
  File "C:\Users\xibolba\PycharmProjects\sys-admin-cms\.venv\lib\site-packages\django\contrib\staticfiles\storage.py", line 204, in url
    return self._url(self.stored_name, name, force)
  File "C:\Users\xibolba\PycharmProjects\sys-admin-cms\.venv\lib\site-packages\django\contrib\staticfiles\storage.py", line 183, in _url
    hashed_name = hashed_name_func(*args)
  File "C:\Users\xibolba\PycharmProjects\sys-admin-cms\.venv\lib\site-packages\django\contrib\staticfiles\storage.py", line 518, in stored_name
    raise ValueError(
ValueError: Missing staticfiles manifest entry for 'assets/main-B-7PFOCD.css'
"GET / HTTP/1.1" 500 369
Internal Server Error: /.well-known/appspecific/com.chrome.devtools.json
"GET /.well-known/appspecific/com.chrome.devtools.json HTTP/1.1" 500 369
